---------- Date: 2015-02-02 08:21:55 ~ IP : 122.160.13.170 ----------
REQUEST URI : /magazinesindia/index.php?route=product/product&amp;product_id=30&amp;search=Aenean+diam+nulla+eleifend+id+gravida++
MOD DETAILS:
   modFile   : /home/cyberworx/public_html/linkdemo.in/magazinesindia/vqmod/xml/boss_rich_snippets.xml
   id        : Boss Rich Snippets
   version   : 1.0.0
   vqmver    : 2.3.0
   author    : bossthemes

File Name    : catalog/view/theme/*/template/product/product.tpl(0)
VQModObject::applyMod - SEARCH NOT FOUND (ABORTING MOD): <h1

----------------------------------------------------------------------


---------- Date: 2015-02-02 08:22:07 ~ IP : 122.160.13.170 ----------
REQUEST URI : /magazinesindia/index.php?route=product/product&amp;product_id=30&amp;search=Aenean+diam+nulla+eleifend+id+gravida++
MOD DETAILS:
   modFile   : /home/cyberworx/public_html/linkdemo.in/magazinesindia/vqmod/xml/boss_rich_snippets.xml
   id        : Boss Rich Snippets
   version   : 1.0.0
   vqmver    : 2.3.0
   author    : bossthemes

File Name    : catalog/view/theme/*/template/product/product.tpl(0)
VQModObject::applyMod - SEARCH NOT FOUND (ABORTING MOD): <h1

----------------------------------------------------------------------


---------- Date: 2015-02-02 09:12:09 ~ IP : 122.160.13.170 ----------
REQUEST URI : /magazinesindia/index.php?route=product/product&amp;product_id=30&amp;search=Aenean+diam+nulla+eleifend+id+gravida++
MOD DETAILS:
   modFile   : /home/cyberworx/public_html/linkdemo.in/magazinesindia/vqmod/xml/boss_rich_snippets.xml
   id        : Boss Rich Snippets
   version   : 1.0.0
   vqmver    : 2.3.0
   author    : bossthemes

File Name    : catalog/view/theme/*/template/product/product.tpl(0)
VQModObject::applyMod - SEARCH NOT FOUND (ABORTING MOD): <h1

----------------------------------------------------------------------


---------- Date: 2015-02-02 10:25:33 ~ IP : 122.160.13.170 ----------
REQUEST URI : /magazinesindia/index.php?route=product/product&amp;product_id=30
MOD DETAILS:
   modFile   : /home/cyberworx/public_html/linkdemo.in/magazinesindia/vqmod/xml/boss_rich_snippets.xml
   id        : Boss Rich Snippets
   version   : 1.0.0
   vqmver    : 2.3.0
   author    : bossthemes

File Name    : catalog/view/theme/*/template/product/product.tpl(0)
VQModObject::applyMod - SEARCH NOT FOUND (ABORTING MOD): <h1

----------------------------------------------------------------------


---------- Date: 2015-02-02 10:27:45 ~ IP : 122.160.13.170 ----------
REQUEST URI : /magazinesindia/index.php?route=product/product&amp;product_id=30
MOD DETAILS:
   modFile   : /home/cyberworx/public_html/linkdemo.in/magazinesindia/vqmod/xml/boss_rich_snippets.xml
   id        : Boss Rich Snippets
   version   : 1.0.0
   vqmver    : 2.3.0
   author    : bossthemes

File Name    : catalog/view/theme/*/template/product/product.tpl(0)
VQModObject::applyMod - SEARCH NOT FOUND (ABORTING MOD): <h1

----------------------------------------------------------------------


---------- Date: 2015-02-02 10:31:47 ~ IP : 122.160.13.170 ----------
REQUEST URI : /magazinesindia/index.php?route=product/product&amp;product_id=30
MOD DETAILS:
   modFile   : /home/cyberworx/public_html/linkdemo.in/magazinesindia/vqmod/xml/boss_rich_snippets.xml
   id        : Boss Rich Snippets
   version   : 1.0.0
   vqmver    : 2.3.0
   author    : bossthemes

File Name    : catalog/view/theme/*/template/product/product.tpl(0)
VQModObject::applyMod - SEARCH NOT FOUND (ABORTING MOD): <h1

----------------------------------------------------------------------


---------- Date: 2015-02-02 10:32:36 ~ IP : 122.160.13.170 ----------
REQUEST URI : /magazinesindia/index.php?route=product/product&amp;product_id=30
MOD DETAILS:
   modFile   : /home/cyberworx/public_html/linkdemo.in/magazinesindia/vqmod/xml/boss_rich_snippets.xml
   id        : Boss Rich Snippets
   version   : 1.0.0
   vqmver    : 2.3.0
   author    : bossthemes

File Name    : catalog/view/theme/*/template/product/product.tpl(0)
VQModObject::applyMod - SEARCH NOT FOUND (ABORTING MOD): <h1

----------------------------------------------------------------------


